Using pre-set license
Built from '2020.3/staging' branch; Version is '2020.3.8f1 (507919d4fff5) revision 5273881'; Using compiler version '192528614'; Build Type 'Release'
OS: 'Windows 10 Home; OS build 19042.985; Version 2009; 64bit' Language: 'en' Physical Memory: 16313 MB
BatchMode: 1, IsHumanControllingUs: 0, StartBugReporterOnCrash: 0, Is64bit: 1, IsPro: 0

 COMMAND LINE ARGUMENTS:
D:\Unity\Unity Editor\2020.3.6f1\Editor\Unity.exe
-adb2
-batchMode
-noUpm
-name
AssetImportWorker0
-projectPath
D:/UnityDeneme/Project
-logFile
Logs/AssetImportWorker0.log
-srvPort
62458
Successfully changed project path to: D:/UnityDeneme/Project
D:/UnityDeneme/Project
Using Asset Import Pipeline V2.
Refreshing native plugins compatible for Editor in 38.63 ms, found 1 plugins.
Preloading 0 native plugins for Editor in 0.00 ms.
Initialize engine version: 2020.3.8f1 (507919d4fff5)
[Subsystems] Discovering subsystems at path D:/Unity/Unity Editor/2020.3.6f1/Editor/Data/Resources/UnitySubsystems
[Subsystems] Discovering subsystems at path D:/UnityDeneme/Project/Assets
GfxDevice: creating device client; threaded=0
Direct3D:
    Version:  Direct3D 11.0 [level 11.1]
    Renderer: NVIDIA GeForce GTX 1070 Ti (ID=0x1b82)
    Vendor:   
    VRAM:     8079 MB
    Driver:   27.21.14.6647
Initialize mono
Mono path[0] = 'D:/Unity/Unity Editor/2020.3.6f1/Editor/Data/Managed'
Mono path[1] = 'D:/Unity/Unity Editor/2020.3.6f1/Editor/Data/MonoBleedingEdge/lib/mono/unityjit'
Mono config path = 'D:/Unity/Unity Editor/2020.3.6f1/Editor/Data/MonoBleedingEdge/etc'
Using monoOptions --debugger-agent=transport=dt_socket,embedding=1,server=y,suspend=n,address=127.0.0.1:56984
Begin MonoManager ReloadAssembly
Registering precompiled unity dll's ...
Register platform support module: D:/Unity/Unity Editor/2020.3.6f1/Editor/Data/PlaybackEngines/WindowsStandaloneSupport/UnityEditor.WindowsStandalone.Extensions.dll
Registered in 0.001344 seconds.
Native extension for WindowsStandalone target not found
Refreshing native plugins compatible for Editor in 38.63 ms, found 1 plugins.
Preloading 0 native plugins for Editor in 0.00 ms.
Mono: successfully reloaded assembly
- Completed reload, in  1.308 seconds
Platform modules already initialized, skipping
Registering precompiled user dll's ...
Registered in 0.001045 seconds.
Begin MonoManager ReloadAssembly
Native extension for WindowsStandalone target not found
Refreshing native plugins compatible for Editor in 38.45 ms, found 1 plugins.
Preloading 0 native plugins for Editor in 0.00 ms.
Mono: successfully reloaded assembly
- Completed reload, in  0.984 seconds
Platform modules already initialized, skipping
========================================================================
Worker process is ready to serve import requests
Launched and connected shader compiler UnityShaderCompiler.exe after 0.04 seconds
Refreshing native plugins compatible for Editor in 0.37 ms, found 1 plugins.
Preloading 0 native plugins for Editor in 0.00 ms.
Unloading 1828 Unused Serialized files (Serialized files now loaded: 0)
System memory in use before: 98.0 MB.
System memory in use after: 98.0 MB.

Unloading 23 unused Assets to reduce memory usage. Loaded Objects now: 2292.
Total: 2.094200 ms (FindLiveObjects: 0.196600 ms CreateObjectMapping: 0.044200 ms MarkObjects: 1.723500 ms  DeleteObjects: 0.128900 ms)

========================================================================
Received Import Request.
  path: Assets/Scenes/FinalLevel.unity
  artifactKey: Guid(8fae5a2c252a0a54ebb954c32d3049f2) Importer(815301076,1909f56bfc062723c751e8b465ee728b)
Start importing Assets/Scenes/FinalLevel.unity using Guid(8fae5a2c252a0a54ebb954c32d3049f2) Importer(815301076,1909f56bfc062723c751e8b465ee728b)  -> (artifact id: 'd2818a29b8ed9405ee6ad646fc72a713') in 0.017183 seconds
  Import took 0.020105 seconds .

========================================================================
Received Import Request.
  Time since last request: 191.968310 seconds.
  path: Assets/Scenes/FinalLevel.unity
  artifactKey: Guid(8fae5a2c252a0a54ebb954c32d3049f2) Importer(815301076,1909f56bfc062723c751e8b465ee728b)
Start importing Assets/Scenes/FinalLevel.unity using Guid(8fae5a2c252a0a54ebb954c32d3049f2) Importer(815301076,1909f56bfc062723c751e8b465ee728b)  -> (artifact id: 'eb62269016a838d6b53f55df11d02712') in 0.004063 seconds
  Import took 0.007024 seconds .

========================================================================
Received Prepare
Registering precompiled user dll's ...
Registered in 0.001114 seconds.
Begin MonoManager ReloadAssembly
Native extension for WindowsStandalone target not found
Refreshing native plugins compatible for Editor in 0.43 ms, found 1 plugins.
Preloading 0 native plugins for Editor in 0.00 ms.
Mono: successfully reloaded assembly
- Completed reload, in  0.888 seconds
Platform modules already initialized, skipping
Refreshing native plugins compatible for Editor in 0.40 ms, found 1 plugins.
Preloading 0 native plugins for Editor in 0.00 ms.
Unloading 1823 Unused Serialized files (Serialized files now loaded: 0)
System memory in use before: 98.0 MB.
System memory in use after: 98.0 MB.

Unloading 12 unused Assets to reduce memory usage. Loaded Objects now: 2296.
Total: 2.166200 ms (FindLiveObjects: 0.274200 ms CreateObjectMapping: 0.045300 ms MarkObjects: 1.717300 ms  DeleteObjects: 0.127900 ms)

========================================================================
Received Prepare
Registering precompiled user dll's ...
Registered in 0.001078 seconds.
Begin MonoManager ReloadAssembly
Native extension for WindowsStandalone target not found
Refreshing native plugins compatible for Editor in 0.40 ms, found 1 plugins.
Preloading 0 native plugins for Editor in 0.00 ms.
Mono: successfully reloaded assembly
- Completed reload, in  0.868 seconds
Platform modules already initialized, skipping
Refreshing native plugins compatible for Editor in 0.44 ms, found 1 plugins.
Preloading 0 native plugins for Editor in 0.00 ms.
Unloading 1823 Unused Serialized files (Serialized files now loaded: 0)
System memory in use before: 98.1 MB.
System memory in use after: 98.0 MB.

Unloading 12 unused Assets to reduce memory usage. Loaded Objects now: 2300.
Total: 2.168800 ms (FindLiveObjects: 0.197800 ms CreateObjectMapping: 0.046000 ms MarkObjects: 1.776900 ms  DeleteObjects: 0.147100 ms)

========================================================================
Received Import Request.
  Time since last request: 98.909284 seconds.
  path: Assets/Scenes/level2.unity
  artifactKey: Guid(84e58622ba7addb4494ffbb47d97c461) Importer(815301076,1909f56bfc062723c751e8b465ee728b)
Start importing Assets/Scenes/level2.unity using Guid(84e58622ba7addb4494ffbb47d97c461) Importer(815301076,1909f56bfc062723c751e8b465ee728b)  -> (artifact id: 'ad1bb074bdddde71f164eb0fbc506d10') in 0.018133 seconds
  Import took 0.020878 seconds .

========================================================================
Received Prepare
Registering precompiled user dll's ...
Registered in 0.001117 seconds.
Begin MonoManager ReloadAssembly
Native extension for WindowsStandalone target not found
Refreshing native plugins compatible for Editor in 0.41 ms, found 1 plugins.
Preloading 0 native plugins for Editor in 0.00 ms.
Mono: successfully reloaded assembly
- Completed reload, in  0.862 seconds
Platform modules already initialized, skipping
Refreshing native plugins compatible for Editor in 0.39 ms, found 1 plugins.
Preloading 0 native plugins for Editor in 0.00 ms.
Unloading 1823 Unused Serialized files (Serialized files now loaded: 0)
System memory in use before: 98.1 MB.
System memory in use after: 98.1 MB.

Unloading 12 unused Assets to reduce memory usage. Loaded Objects now: 2304.
Total: 2.258100 ms (FindLiveObjects: 0.202300 ms CreateObjectMapping: 0.045100 ms MarkObjects: 1.877500 ms  DeleteObjects: 0.131800 ms)

========================================================================
Received Import Request.
  Time since last request: 32.342647 seconds.
  path: Assets/Scenes/Level3.unity
  artifactKey: Guid(b826dfe4c08fbf845bfa956c545265bb) Importer(815301076,1909f56bfc062723c751e8b465ee728b)
Start importing Assets/Scenes/Level3.unity using Guid(b826dfe4c08fbf845bfa956c545265bb) Importer(815301076,1909f56bfc062723c751e8b465ee728b)  -> (artifact id: 'eda7a694855e01099c5580a6bb43dd92') in 0.017319 seconds
  Import took 0.020292 seconds .

========================================================================
Received Import Request.
  Time since last request: 16.586557 seconds.
  path: Assets/Scenes/level4.unity
  artifactKey: Guid(775e570f70993dd46835f14846dfe3f5) Importer(815301076,1909f56bfc062723c751e8b465ee728b)
Start importing Assets/Scenes/level4.unity using Guid(775e570f70993dd46835f14846dfe3f5) Importer(815301076,1909f56bfc062723c751e8b465ee728b)  -> (artifact id: 'b5f2ace309837554b5222733a2c59751') in 0.007933 seconds
  Import took 0.010847 seconds .

========================================================================
Received Import Request.
  Time since last request: 15.286334 seconds.
  path: Assets/Scenes/level5.unity
  artifactKey: Guid(d181d424aa19a8344b2b0abf875fdeb2) Importer(815301076,1909f56bfc062723c751e8b465ee728b)
Start importing Assets/Scenes/level5.unity using Guid(d181d424aa19a8344b2b0abf875fdeb2) Importer(815301076,1909f56bfc062723c751e8b465ee728b)  -> (artifact id: '609e606157ad0ea301c5ed01d040c525') in 0.007541 seconds
  Import took 0.010653 seconds .

========================================================================
Received Import Request.
  Time since last request: 0.000279 seconds.
  path: Assets/Scenes/level5.unity
  artifactKey: Guid(d181d424aa19a8344b2b0abf875fdeb2) Importer(815301076,1909f56bfc062723c751e8b465ee728b)
Start importing Assets/Scenes/level5.unity using Guid(d181d424aa19a8344b2b0abf875fdeb2) Importer(815301076,1909f56bfc062723c751e8b465ee728b)  -> (artifact id: '609e606157ad0ea301c5ed01d040c525') in 0.002481 seconds
  Import took 0.005326 seconds .

========================================================================
Received Import Request.
  Time since last request: 11.820705 seconds.
  path: Assets/Scenes/level4.unity
  artifactKey: Guid(775e570f70993dd46835f14846dfe3f5) Importer(815301076,1909f56bfc062723c751e8b465ee728b)
Start importing Assets/Scenes/level4.unity using Guid(775e570f70993dd46835f14846dfe3f5) Importer(815301076,1909f56bfc062723c751e8b465ee728b)  -> (artifact id: '5ef74c051504e20d10224e0d42485e0e') in 0.002447 seconds
  Import took 0.005574 seconds .

========================================================================
Received Import Request.
  Time since last request: 46.256503 seconds.
  path: Assets/Scenes/Level10.unity
  artifactKey: Guid(f1087a61d9a33d748a92421dc5b8ecb4) Importer(815301076,1909f56bfc062723c751e8b465ee728b)
Start importing Assets/Scenes/Level10.unity using Guid(f1087a61d9a33d748a92421dc5b8ecb4) Importer(815301076,1909f56bfc062723c751e8b465ee728b)  -> (artifact id: '0451ec9925a163ad47ac56c237e9c2ea') in 0.006945 seconds
  Import took 0.009947 seconds .

========================================================================
Received Import Request.
  Time since last request: 0.000266 seconds.
  path: Assets/Scenes/Level10.unity
  artifactKey: Guid(f1087a61d9a33d748a92421dc5b8ecb4) Importer(815301076,1909f56bfc062723c751e8b465ee728b)
Start importing Assets/Scenes/Level10.unity using Guid(f1087a61d9a33d748a92421dc5b8ecb4) Importer(815301076,1909f56bfc062723c751e8b465ee728b)  -> (artifact id: '0451ec9925a163ad47ac56c237e9c2ea') in 0.002382 seconds
  Import took 0.005189 seconds .

========================================================================
Received Import Request.
  Time since last request: 1.179576 seconds.
  path: Assets/Scenes/level7.unity
  artifactKey: Guid(0d839b3b608adba47b2a10b8691712ee) Importer(815301076,1909f56bfc062723c751e8b465ee728b)
Start importing Assets/Scenes/level7.unity using Guid(0d839b3b608adba47b2a10b8691712ee) Importer(815301076,1909f56bfc062723c751e8b465ee728b)  -> (artifact id: '05c6599dbdc87028a4ce6a1ccc022e39') in 0.007452 seconds
  Import took 0.010394 seconds .

========================================================================
Received Import Request.
  Time since last request: 17.506805 seconds.
  path: Assets/Scenes/Level8.unity
  artifactKey: Guid(d392ec46a100f5b4297e6062eef2c2e7) Importer(815301076,1909f56bfc062723c751e8b465ee728b)
Start importing Assets/Scenes/Level8.unity using Guid(d392ec46a100f5b4297e6062eef2c2e7) Importer(815301076,1909f56bfc062723c751e8b465ee728b)  -> (artifact id: 'd3b83e5a214dcb6ed199dcdac9a1ffde') in 0.007626 seconds
  Import took 0.010578 seconds .

========================================================================
Received Import Request.
  Time since last request: 0.000316 seconds.
  path: Assets/Scenes/Level8.unity
  artifactKey: Guid(d392ec46a100f5b4297e6062eef2c2e7) Importer(815301076,1909f56bfc062723c751e8b465ee728b)
Start importing Assets/Scenes/Level8.unity using Guid(d392ec46a100f5b4297e6062eef2c2e7) Importer(815301076,1909f56bfc062723c751e8b465ee728b)  -> (artifact id: 'd3b83e5a214dcb6ed199dcdac9a1ffde') in 0.002186 seconds
  Import took 0.005095 seconds .

========================================================================
Received Import Request.
  Time since last request: 48.972708 seconds.
  path: Assets/Scenes/Level11.unity
  artifactKey: Guid(a152e754094457e429dd48d21df36fac) Importer(815301076,1909f56bfc062723c751e8b465ee728b)
Start importing Assets/Scenes/Level11.unity using Guid(a152e754094457e429dd48d21df36fac) Importer(815301076,1909f56bfc062723c751e8b465ee728b)  -> (artifact id: 'afcaa42eebdd4bfe5ca38733d4a55c27') in 0.007491 seconds
  Import took 0.010372 seconds .

========================================================================
Received Import Request.
  Time since last request: 23.273718 seconds.
  path: Assets/Scenes/Level10.unity
  artifactKey: Guid(f1087a61d9a33d748a92421dc5b8ecb4) Importer(815301076,1909f56bfc062723c751e8b465ee728b)
Start importing Assets/Scenes/Level10.unity using Guid(f1087a61d9a33d748a92421dc5b8ecb4) Importer(815301076,1909f56bfc062723c751e8b465ee728b)  -> (artifact id: '7749b7f733167b3be695061b8117fd49') in 0.003052 seconds
  Import took 0.006063 seconds .

========================================================================
Received Prepare
Registering precompiled user dll's ...
Registered in 0.001540 seconds.
Begin MonoManager ReloadAssembly
Native extension for WindowsStandalone target not found
Refreshing native plugins compatible for Editor in 0.38 ms, found 1 plugins.
Preloading 0 native plugins for Editor in 0.00 ms.
Mono: successfully reloaded assembly
- Completed reload, in  0.859 seconds
Platform modules already initialized, skipping
Refreshing native plugins compatible for Editor in 0.42 ms, found 1 plugins.
Preloading 0 native plugins for Editor in 0.00 ms.
Unloading 1823 Unused Serialized files (Serialized files now loaded: 0)
System memory in use before: 98.2 MB.
System memory in use after: 98.1 MB.

Unloading 12 unused Assets to reduce memory usage. Loaded Objects now: 2308.
Total: 2.272900 ms (FindLiveObjects: 0.221200 ms CreateObjectMapping: 0.043100 ms MarkObjects: 1.874100 ms  DeleteObjects: 0.133300 ms)

========================================================================
Received Import Request.
  Time since last request: 5.027855 seconds.
  path: Assets/Scenes/Level11.unity
  artifactKey: Guid(a152e754094457e429dd48d21df36fac) Importer(815301076,1909f56bfc062723c751e8b465ee728b)
Start importing Assets/Scenes/Level11.unity using Guid(a152e754094457e429dd48d21df36fac) Importer(815301076,1909f56bfc062723c751e8b465ee728b)  -> (artifact id: 'f5ec876f7c866604a9f6ef9895940491') in 0.011515 seconds
  Import took 0.014549 seconds .

========================================================================
Received Prepare
Registering precompiled user dll's ...
Registered in 0.001043 seconds.
Begin MonoManager ReloadAssembly
Native extension for WindowsStandalone target not found
Refreshing native plugins compatible for Editor in 0.40 ms, found 1 plugins.
Preloading 0 native plugins for Editor in 0.00 ms.
Mono: successfully reloaded assembly
- Completed reload, in  0.848 seconds
Platform modules already initialized, skipping
Refreshing native plugins compatible for Editor in 0.39 ms, found 1 plugins.
Preloading 0 native plugins for Editor in 0.00 ms.
Unloading 1823 Unused Serialized files (Serialized files now loaded: 0)
System memory in use before: 98.2 MB.
System memory in use after: 98.2 MB.

Unloading 12 unused Assets to reduce memory usage. Loaded Objects now: 2312.
Total: 2.109700 ms (FindLiveObjects: 0.189000 ms CreateObjectMapping: 0.044300 ms MarkObjects: 1.749200 ms  DeleteObjects: 0.125900 ms)

========================================================================
Received Prepare
Registering precompiled user dll's ...
Registered in 0.001127 seconds.
Begin MonoManager ReloadAssembly
Native extension for WindowsStandalone target not found
Refreshing native plugins compatible for Editor in 0.40 ms, found 1 plugins.
Preloading 0 native plugins for Editor in 0.00 ms.
Mono: successfully reloaded assembly
- Completed reload, in  0.866 seconds
Platform modules already initialized, skipping
Refreshing native plugins compatible for Editor in 0.39 ms, found 1 plugins.
Preloading 0 native plugins for Editor in 0.00 ms.
Unloading 1823 Unused Serialized files (Serialized files now loaded: 0)
System memory in use before: 98.2 MB.
System memory in use after: 98.2 MB.

Unloading 12 unused Assets to reduce memory usage. Loaded Objects now: 2316.
Total: 2.132700 ms (FindLiveObjects: 0.199500 ms CreateObjectMapping: 0.044300 ms MarkObjects: 1.759500 ms  DeleteObjects: 0.128200 ms)

========================================================================
Received Prepare
Registering precompiled user dll's ...
Registered in 0.001031 seconds.
Begin MonoManager ReloadAssembly
Native extension for WindowsStandalone target not found
Refreshing native plugins compatible for Editor in 0.40 ms, found 1 plugins.
Preloading 0 native plugins for Editor in 0.00 ms.
Mono: successfully reloaded assembly
- Completed reload, in  0.842 seconds
Platform modules already initialized, skipping
Refreshing native plugins compatible for Editor in 0.39 ms, found 1 plugins.
Preloading 0 native plugins for Editor in 0.00 ms.
Unloading 1823 Unused Serialized files (Serialized files now loaded: 0)
System memory in use before: 98.2 MB.
System memory in use after: 98.2 MB.

Unloading 12 unused Assets to reduce memory usage. Loaded Objects now: 2320.
Total: 2.043600 ms (FindLiveObjects: 0.191700 ms CreateObjectMapping: 0.044600 ms MarkObjects: 1.683100 ms  DeleteObjects: 0.123300 ms)

========================================================================
Received Prepare
Registering precompiled user dll's ...
Registered in 0.001048 seconds.
Begin MonoManager ReloadAssembly
Native extension for WindowsStandalone target not found
Refreshing native plugins compatible for Editor in 0.39 ms, found 1 plugins.
Preloading 0 native plugins for Editor in 0.00 ms.
Mono: successfully reloaded assembly
- Completed reload, in  0.872 seconds
Platform modules already initialized, skipping
Refreshing native plugins compatible for Editor in 0.40 ms, found 1 plugins.
Preloading 0 native plugins for Editor in 0.00 ms.
Unloading 1823 Unused Serialized files (Serialized files now loaded: 0)
System memory in use before: 98.2 MB.
System memory in use after: 98.2 MB.

Unloading 12 unused Assets to reduce memory usage. Loaded Objects now: 2324.
Total: 2.100300 ms (FindLiveObjects: 0.195100 ms CreateObjectMapping: 0.045600 ms MarkObjects: 1.733700 ms  DeleteObjects: 0.124800 ms)

========================================================================
Received Prepare
Registering precompiled user dll's ...
Registered in 0.001080 seconds.
Begin MonoManager ReloadAssembly
Native extension for WindowsStandalone target not found
Refreshing native plugins compatible for Editor in 0.44 ms, found 1 plugins.
Preloading 0 native plugins for Editor in 0.00 ms.
Mono: successfully reloaded assembly
- Completed reload, in  0.848 seconds
Platform modules already initialized, skipping
Refreshing native plugins compatible for Editor in 0.39 ms, found 1 plugins.
Preloading 0 native plugins for Editor in 0.00 ms.
Unloading 1823 Unused Serialized files (Serialized files now loaded: 0)
System memory in use before: 98.2 MB.
System memory in use after: 98.2 MB.

Unloading 12 unused Assets to reduce memory usage. Loaded Objects now: 2328.
Total: 2.107400 ms (FindLiveObjects: 0.235200 ms CreateObjectMapping: 0.045700 ms MarkObjects: 1.695400 ms  DeleteObjects: 0.129600 ms)

========================================================================
Received Prepare
Registering precompiled user dll's ...
Registered in 0.001059 seconds.
Begin MonoManager ReloadAssembly
Native extension for WindowsStandalone target not found
Refreshing native plugins compatible for Editor in 0.40 ms, found 1 plugins.
Preloading 0 native plugins for Editor in 0.00 ms.
Mono: successfully reloaded assembly
- Completed reload, in  0.854 seconds
Platform modules already initialized, skipping
Refreshing native plugins compatible for Editor in 0.41 ms, found 1 plugins.
Preloading 0 native plugins for Editor in 0.00 ms.
Unloading 1823 Unused Serialized files (Serialized files now loaded: 0)
System memory in use before: 98.2 MB.
System memory in use after: 98.2 MB.

Unloading 12 unused Assets to reduce memory usage. Loaded Objects now: 2332.
Total: 2.147600 ms (FindLiveObjects: 0.222200 ms CreateObjectMapping: 0.042500 ms MarkObjects: 1.744400 ms  DeleteObjects: 0.137000 ms)

========================================================================
Received Import Request.
  Time since last request: 48.008834 seconds.
  path: Assets/Scenes/Level12.unity
  artifactKey: Guid(8431204afc1d85947b7cdb5ea38a8034) Importer(815301076,1909f56bfc062723c751e8b465ee728b)
Start importing Assets/Scenes/Level12.unity using Guid(8431204afc1d85947b7cdb5ea38a8034) Importer(815301076,1909f56bfc062723c751e8b465ee728b)  -> (artifact id: '888bb4e15fbd81e8cd1aae38dad85e69') in 0.021849 seconds
  Import took 0.024814 seconds .

========================================================================
Received Prepare
Registering precompiled user dll's ...
Registered in 0.001040 seconds.
Begin MonoManager ReloadAssembly
Native extension for WindowsStandalone target not found
Refreshing native plugins compatible for Editor in 0.40 ms, found 1 plugins.
Preloading 0 native plugins for Editor in 0.00 ms.
Mono: successfully reloaded assembly
- Completed reload, in  0.852 seconds
Platform modules already initialized, skipping
Refreshing native plugins compatible for Editor in 0.39 ms, found 1 plugins.
Preloading 0 native plugins for Editor in 0.00 ms.
Unloading 1823 Unused Serialized files (Serialized files now loaded: 0)
System memory in use before: 98.2 MB.
System memory in use after: 98.2 MB.

Unloading 12 unused Assets to reduce memory usage. Loaded Objects now: 2336.
Total: 2.251000 ms (FindLiveObjects: 0.194700 ms CreateObjectMapping: 0.045600 ms MarkObjects: 1.877100 ms  DeleteObjects: 0.132400 ms)

========================================================================
Received Prepare
Registering precompiled user dll's ...
Registered in 0.001065 seconds.
Begin MonoManager ReloadAssembly
Native extension for WindowsStandalone target not found
Refreshing native plugins compatible for Editor in 0.39 ms, found 1 plugins.
Preloading 0 native plugins for Editor in 0.00 ms.
Mono: successfully reloaded assembly
- Completed reload, in  0.883 seconds
Platform modules already initialized, skipping
Refreshing native plugins compatible for Editor in 0.38 ms, found 1 plugins.
Preloading 0 native plugins for Editor in 0.00 ms.
Unloading 1823 Unused Serialized files (Serialized files now loaded: 0)
System memory in use before: 98.2 MB.
System memory in use after: 98.2 MB.

Unloading 12 unused Assets to reduce memory usage. Loaded Objects now: 2340.
Total: 2.031700 ms (FindLiveObjects: 0.194000 ms CreateObjectMapping: 0.043000 ms MarkObjects: 1.672400 ms  DeleteObjects: 0.121300 ms)

========================================================================
Received Import Request.
  Time since last request: 45.258355 seconds.
  path: Assets/Scenes/Level11.unity
  artifactKey: Guid(a152e754094457e429dd48d21df36fac) Importer(815301076,1909f56bfc062723c751e8b465ee728b)
Start importing Assets/Scenes/Level11.unity using Guid(a152e754094457e429dd48d21df36fac) Importer(815301076,1909f56bfc062723c751e8b465ee728b)  -> (artifact id: 'a2df5192769bae5442dbf5896dffd0d3') in 0.013699 seconds
  Import took 0.016744 seconds .

========================================================================
Received Import Request.
  Time since last request: 4.171875 seconds.
  path: Assets/Scenes/Level13.unity
  artifactKey: Guid(e9890f2379d2d324a9174bfb6843be96) Importer(815301076,1909f56bfc062723c751e8b465ee728b)
Start importing Assets/Scenes/Level13.unity using Guid(e9890f2379d2d324a9174bfb6843be96) Importer(815301076,1909f56bfc062723c751e8b465ee728b)  -> (artifact id: 'c9d9443451c28cdb916740f9e19b0e57') in 0.007521 seconds
  Import took 0.010443 seconds .

========================================================================
Received Prepare
Registering precompiled user dll's ...
Registered in 0.001059 seconds.
Begin MonoManager ReloadAssembly
Native extension for WindowsStandalone target not found
Refreshing native plugins compatible for Editor in 0.38 ms, found 1 plugins.
Preloading 0 native plugins for Editor in 0.00 ms.
Mono: successfully reloaded assembly
- Completed reload, in  0.884 seconds
Platform modules already initialized, skipping
Refreshing native plugins compatible for Editor in 0.42 ms, found 1 plugins.
Preloading 0 native plugins for Editor in 0.00 ms.
Unloading 1823 Unused Serialized files (Serialized files now loaded: 0)
System memory in use before: 98.2 MB.
System memory in use after: 98.2 MB.

Unloading 12 unused Assets to reduce memory usage. Loaded Objects now: 2344.
Total: 2.069700 ms (FindLiveObjects: 0.197700 ms CreateObjectMapping: 0.044500 ms MarkObjects: 1.703200 ms  DeleteObjects: 0.123200 ms)

========================================================================
Received Import Request.
  Time since last request: 30.330456 seconds.
  path: Assets/Scenes/Level14.unity
  artifactKey: Guid(fc61e835ab5765c4b8328f708c1096f9) Importer(815301076,1909f56bfc062723c751e8b465ee728b)
Start importing Assets/Scenes/Level14.unity using Guid(fc61e835ab5765c4b8328f708c1096f9) Importer(815301076,1909f56bfc062723c751e8b465ee728b)  -> (artifact id: 'e6294094b7797cb701886868381aac2a') in 0.017299 seconds
  Import took 0.020068 seconds .

========================================================================
Received Import Request.
  Time since last request: 32.097721 seconds.
  path: Assets/Scenes/Level15.unity
  artifactKey: Guid(fdaf0d365c8a3a64aa5daa9916a83525) Importer(815301076,1909f56bfc062723c751e8b465ee728b)
Start importing Assets/Scenes/Level15.unity using Guid(fdaf0d365c8a3a64aa5daa9916a83525) Importer(815301076,1909f56bfc062723c751e8b465ee728b)  -> (artifact id: 'f2afa78f6635622d03c0587dba51f714') in 0.007503 seconds
  Import took 0.010417 seconds .

========================================================================
Received Prepare
Registering precompiled user dll's ...
Registered in 0.001065 seconds.
Begin MonoManager ReloadAssembly
Native extension for WindowsStandalone target not found
Refreshing native plugins compatible for Editor in 0.38 ms, found 1 plugins.
Preloading 0 native plugins for Editor in 0.00 ms.
Mono: successfully reloaded assembly
- Completed reload, in  0.875 seconds
Platform modules already initialized, skipping
Refreshing native plugins compatible for Editor in 0.38 ms, found 1 plugins.
Preloading 0 native plugins for Editor in 0.00 ms.
Unloading 1823 Unused Serialized files (Serialized files now loaded: 0)
System memory in use before: 98.3 MB.
System memory in use after: 98.2 MB.

Unloading 12 unused Assets to reduce memory usage. Loaded Objects now: 2348.
Total: 2.062000 ms (FindLiveObjects: 0.207400 ms CreateObjectMapping: 0.045600 ms MarkObjects: 1.686100 ms  DeleteObjects: 0.121900 ms)

========================================================================
Received Import Request.
  Time since last request: 28.237781 seconds.
  path: Assets/Scenes/Level16.unity
  artifactKey: Guid(42a6f4a9864601648bdb0a55e87dc3ca) Importer(815301076,1909f56bfc062723c751e8b465ee728b)
Start importing Assets/Scenes/Level16.unity using Guid(42a6f4a9864601648bdb0a55e87dc3ca) Importer(815301076,1909f56bfc062723c751e8b465ee728b)  -> (artifact id: 'bf717ac979e69e89248ece17132229f8') in 0.017802 seconds
  Import took 0.021091 seconds .

========================================================================
Received Prepare
Registering precompiled user dll's ...
Registered in 0.001066 seconds.
Begin MonoManager ReloadAssembly
Native extension for WindowsStandalone target not found
Refreshing native plugins compatible for Editor in 0.40 ms, found 1 plugins.
Preloading 0 native plugins for Editor in 0.00 ms.
Mono: successfully reloaded assembly
- Completed reload, in  0.883 seconds
Platform modules already initialized, skipping
Refreshing native plugins compatible for Editor in 0.44 ms, found 1 plugins.
Preloading 0 native plugins for Editor in 0.00 ms.
Unloading 1823 Unused Serialized files (Serialized files now loaded: 0)
System memory in use before: 98.3 MB.
System memory in use after: 98.3 MB.

Unloading 12 unused Assets to reduce memory usage. Loaded Objects now: 2352.
Total: 2.367700 ms (FindLiveObjects: 0.242000 ms CreateObjectMapping: 0.055500 ms MarkObjects: 1.928900 ms  DeleteObjects: 0.140100 ms)

========================================================================
Received Prepare
Registering precompiled user dll's ...
Registered in 0.001127 seconds.
Begin MonoManager ReloadAssembly
Native extension for WindowsStandalone target not found
Refreshing native plugins compatible for Editor in 0.38 ms, found 1 plugins.
Preloading 0 native plugins for Editor in 0.00 ms.
Mono: successfully reloaded assembly
- Completed reload, in  0.864 seconds
Platform modules already initialized, skipping
Refreshing native plugins compatible for Editor in 0.39 ms, found 1 plugins.
Preloading 0 native plugins for Editor in 0.00 ms.
Unloading 1823 Unused Serialized files (Serialized files now loaded: 0)
System memory in use before: 98.3 MB.
System memory in use after: 98.3 MB.

Unloading 12 unused Assets to reduce memory usage. Loaded Objects now: 2356.
Total: 2.283500 ms (FindLiveObjects: 0.238000 ms CreateObjectMapping: 0.043800 ms MarkObjects: 1.867100 ms  DeleteObjects: 0.133000 ms)

========================================================================
Received Prepare
Registering precompiled user dll's ...
Registered in 0.001031 seconds.
Begin MonoManager ReloadAssembly
Native extension for WindowsStandalone target not found
Refreshing native plugins compatible for Editor in 0.38 ms, found 1 plugins.
Preloading 0 native plugins for Editor in 0.00 ms.
Mono: successfully reloaded assembly
- Completed reload, in  0.885 seconds
Platform modules already initialized, skipping
Refreshing native plugins compatible for Editor in 0.38 ms, found 1 plugins.
Preloading 0 native plugins for Editor in 0.00 ms.
Unloading 1823 Unused Serialized files (Serialized files now loaded: 0)
System memory in use before: 98.3 MB.
System memory in use after: 98.3 MB.

Unloading 12 unused Assets to reduce memory usage. Loaded Objects now: 2360.
Total: 2.100800 ms (FindLiveObjects: 0.213600 ms CreateObjectMapping: 0.042600 ms MarkObjects: 1.718600 ms  DeleteObjects: 0.124800 ms)

========================================================================
Received Import Request.
  Time since last request: 34.927236 seconds.
  path: Assets/Scenes/Level18.unity
  artifactKey: Guid(ede3ca29dd91dfc4dba9a0735387c0d6) Importer(815301076,1909f56bfc062723c751e8b465ee728b)
Start importing Assets/Scenes/Level18.unity using Guid(ede3ca29dd91dfc4dba9a0735387c0d6) Importer(815301076,1909f56bfc062723c751e8b465ee728b)  -> (artifact id: 'dae9c3dd3e43a1d7795bfe9d7afe82b5') in 0.019185 seconds
  Import took 0.022207 seconds .

========================================================================
Received Import Request.
  Time since last request: 0.842291 seconds.
  path: Assets/Scenes/Level17.unity
  artifactKey: Guid(ba83331f78c35874ebad4aa78441c3fc) Importer(815301076,1909f56bfc062723c751e8b465ee728b)
Start importing Assets/Scenes/Level17.unity using Guid(ba83331f78c35874ebad4aa78441c3fc) Importer(815301076,1909f56bfc062723c751e8b465ee728b)  -> (artifact id: 'c99b330c98619ab62d12fddd2bcfc3d7') in 0.008063 seconds
  Import took 0.011238 seconds .

========================================================================
Received Import Request.
  Time since last request: 0.000736 seconds.
  path: Assets/Scenes/Level17.unity
  artifactKey: Guid(ba83331f78c35874ebad4aa78441c3fc) Importer(815301076,1909f56bfc062723c751e8b465ee728b)
Start importing Assets/Scenes/Level17.unity using Guid(ba83331f78c35874ebad4aa78441c3fc) Importer(815301076,1909f56bfc062723c751e8b465ee728b)  -> (artifact id: 'c99b330c98619ab62d12fddd2bcfc3d7') in 0.002222 seconds
  Import took 0.004856 seconds .

========================================================================
Received Prepare
Registering precompiled user dll's ...
Registered in 0.001046 seconds.
Begin MonoManager ReloadAssembly
Native extension for WindowsStandalone target not found
Refreshing native plugins compatible for Editor in 0.40 ms, found 1 plugins.
Preloading 0 native plugins for Editor in 0.00 ms.
Mono: successfully reloaded assembly
- Completed reload, in  0.871 seconds
Platform modules already initialized, skipping
Refreshing native plugins compatible for Editor in 0.39 ms, found 1 plugins.
Preloading 0 native plugins for Editor in 0.00 ms.
Unloading 1823 Unused Serialized files (Serialized files now loaded: 0)
System memory in use before: 98.3 MB.
System memory in use after: 98.3 MB.

Unloading 12 unused Assets to reduce memory usage. Loaded Objects now: 2364.
Total: 2.662100 ms (FindLiveObjects: 0.226300 ms CreateObjectMapping: 0.059500 ms MarkObjects: 2.217600 ms  DeleteObjects: 0.157600 ms)

========================================================================
Received Prepare
Registering precompiled user dll's ...
Registered in 0.001072 seconds.
Begin MonoManager ReloadAssembly
Native extension for WindowsStandalone target not found
Refreshing native plugins compatible for Editor in 0.39 ms, found 1 plugins.
Preloading 0 native plugins for Editor in 0.00 ms.
Mono: successfully reloaded assembly
- Completed reload, in  0.849 seconds
Platform modules already initialized, skipping
Refreshing native plugins compatible for Editor in 0.38 ms, found 1 plugins.
Preloading 0 native plugins for Editor in 0.00 ms.
Unloading 1823 Unused Serialized files (Serialized files now loaded: 0)
System memory in use before: 98.3 MB.
System memory in use after: 98.3 MB.

Unloading 12 unused Assets to reduce memory usage. Loaded Objects now: 2368.
Total: 2.367500 ms (FindLiveObjects: 0.237600 ms CreateObjectMapping: 0.043600 ms MarkObjects: 1.951400 ms  DeleteObjects: 0.133400 ms)

========================================================================
Received Prepare
Registering precompiled user dll's ...
Registered in 0.001074 seconds.
Begin MonoManager ReloadAssembly
Native extension for WindowsStandalone target not found
Refreshing native plugins compatible for Editor in 0.46 ms, found 1 plugins.
Preloading 0 native plugins for Editor in 0.00 ms.
Mono: successfully reloaded assembly
- Completed reload, in  0.849 seconds
Platform modules already initialized, skipping
Refreshing native plugins compatible for Editor in 0.40 ms, found 1 plugins.
Preloading 0 native plugins for Editor in 0.00 ms.
Unloading 1823 Unused Serialized files (Serialized files now loaded: 0)
System memory in use before: 98.3 MB.
System memory in use after: 98.3 MB.

Unloading 12 unused Assets to reduce memory usage. Loaded Objects now: 2372.
Total: 2.125600 ms (FindLiveObjects: 0.208800 ms CreateObjectMapping: 0.045000 ms MarkObjects: 1.736200 ms  DeleteObjects: 0.134500 ms)

========================================================================
Received Prepare
Registering precompiled user dll's ...
Registered in 0.001048 seconds.
Begin MonoManager ReloadAssembly
Native extension for WindowsStandalone target not found
Refreshing native plugins compatible for Editor in 0.38 ms, found 1 plugins.
Preloading 0 native plugins for Editor in 0.00 ms.
Mono: successfully reloaded assembly
- Completed reload, in  0.849 seconds
Platform modules already initialized, skipping
Refreshing native plugins compatible for Editor in 0.42 ms, found 1 plugins.
Preloading 0 native plugins for Editor in 0.00 ms.
Unloading 1823 Unused Serialized files (Serialized files now loaded: 0)
System memory in use before: 98.3 MB.
System memory in use after: 98.3 MB.

Unloading 12 unused Assets to reduce memory usage. Loaded Objects now: 2376.
Total: 2.252500 ms (FindLiveObjects: 0.234000 ms CreateObjectMapping: 0.046600 ms MarkObjects: 1.829200 ms  DeleteObjects: 0.141300 ms)

========================================================================
Received Prepare
Registering precompiled user dll's ...
Registered in 0.001088 seconds.
Begin MonoManager ReloadAssembly
Native extension for WindowsStandalone target not found
Refreshing native plugins compatible for Editor in 0.38 ms, found 1 plugins.
Preloading 0 native plugins for Editor in 0.00 ms.
Mono: successfully reloaded assembly
- Completed reload, in  0.870 seconds
Platform modules already initialized, skipping
Refreshing native plugins compatible for Editor in 0.39 ms, found 1 plugins.
Preloading 0 native plugins for Editor in 0.00 ms.
Unloading 1823 Unused Serialized files (Serialized files now loaded: 0)
System memory in use before: 98.4 MB.
System memory in use after: 98.3 MB.

Unloading 12 unused Assets to reduce memory usage. Loaded Objects now: 2380.
Total: 2.068700 ms (FindLiveObjects: 0.229500 ms CreateObjectMapping: 0.045000 ms MarkObjects: 1.671800 ms  DeleteObjects: 0.121200 ms)

========================================================================
Received Import Request.
  Time since last request: 110.523143 seconds.
  path: Assets/Scenes/Level19.unity
  artifactKey: Guid(17296f6eb453e2a42b1b9ab855bf0646) Importer(815301076,1909f56bfc062723c751e8b465ee728b)
Start importing Assets/Scenes/Level19.unity using Guid(17296f6eb453e2a42b1b9ab855bf0646) Importer(815301076,1909f56bfc062723c751e8b465ee728b)  -> (artifact id: '9d71cc7883fa1aa01928e8f3c0cd9319') in 0.019779 seconds
  Import took 0.022749 seconds .

========================================================================
Received Prepare
Registering precompiled user dll's ...
Registered in 0.001035 seconds.
Begin MonoManager ReloadAssembly
Native extension for WindowsStandalone target not found
Refreshing native plugins compatible for Editor in 0.37 ms, found 1 plugins.
Preloading 0 native plugins for Editor in 0.00 ms.
Mono: successfully reloaded assembly
- Completed reload, in  0.897 seconds
Platform modules already initialized, skipping
Refreshing native plugins compatible for Editor in 0.43 ms, found 1 plugins.
Preloading 0 native plugins for Editor in 0.00 ms.
Unloading 1823 Unused Serialized files (Serialized files now loaded: 0)
System memory in use before: 98.4 MB.
System memory in use after: 98.3 MB.

Unloading 12 unused Assets to reduce memory usage. Loaded Objects now: 2384.
Total: 2.135800 ms (FindLiveObjects: 0.226900 ms CreateObjectMapping: 0.044500 ms MarkObjects: 1.734500 ms  DeleteObjects: 0.128600 ms)

========================================================================
Received Prepare
Registering precompiled user dll's ...
Registered in 0.001049 seconds.
Begin MonoManager ReloadAssembly
Native extension for WindowsStandalone target not found
Refreshing native plugins compatible for Editor in 0.38 ms, found 1 plugins.
Preloading 0 native plugins for Editor in 0.00 ms.
Mono: successfully reloaded assembly
- Completed reload, in  0.858 seconds
Platform modules already initialized, skipping
Refreshing native plugins compatible for Editor in 0.38 ms, found 1 plugins.
Preloading 0 native plugins for Editor in 0.00 ms.
Unloading 1823 Unused Serialized files (Serialized files now loaded: 0)
System memory in use before: 98.4 MB.
System memory in use after: 98.3 MB.

Unloading 12 unused Assets to reduce memory usage. Loaded Objects now: 2388.
Total: 2.114800 ms (FindLiveObjects: 0.199200 ms CreateObjectMapping: 0.045100 ms MarkObjects: 1.742200 ms  DeleteObjects: 0.126900 ms)

========================================================================
Received Prepare
Registering precompiled user dll's ...
Registered in 0.001012 seconds.
Begin MonoManager ReloadAssembly
Native extension for WindowsStandalone target not found
Refreshing native plugins compatible for Editor in 0.42 ms, found 1 plugins.
Preloading 0 native plugins for Editor in 0.00 ms.
Mono: successfully reloaded assembly
- Completed reload, in  0.872 seconds
Platform modules already initialized, skipping
Refreshing native plugins compatible for Editor in 0.40 ms, found 1 plugins.
Preloading 0 native plugins for Editor in 0.00 ms.
Unloading 1823 Unused Serialized files (Serialized files now loaded: 0)
System memory in use before: 98.4 MB.
System memory in use after: 98.4 MB.

Unloading 12 unused Assets to reduce memory usage. Loaded Objects now: 2392.
Total: 2.392200 ms (FindLiveObjects: 0.247300 ms CreateObjectMapping: 0.044500 ms MarkObjects: 1.959600 ms  DeleteObjects: 0.139600 ms)

========================================================================
Received Prepare
Registering precompiled user dll's ...
Registered in 0.001079 seconds.
Begin MonoManager ReloadAssembly
Native extension for WindowsStandalone target not found
Refreshing native plugins compatible for Editor in 0.39 ms, found 1 plugins.
Preloading 0 native plugins for Editor in 0.00 ms.
Mono: successfully reloaded assembly
- Completed reload, in  0.856 seconds
Platform modules already initialized, skipping
Refreshing native plugins compatible for Editor in 0.40 ms, found 1 plugins.
Preloading 0 native plugins for Editor in 0.00 ms.
Unloading 1823 Unused Serialized files (Serialized files now loaded: 0)
System memory in use before: 98.4 MB.
System memory in use after: 98.4 MB.

Unloading 12 unused Assets to reduce memory usage. Loaded Objects now: 2396.
Total: 2.120300 ms (FindLiveObjects: 0.213400 ms CreateObjectMapping: 0.044800 ms MarkObjects: 1.736900 ms  DeleteObjects: 0.123800 ms)

========================================================================
Received Prepare
Registering precompiled user dll's ...
Registered in 0.001040 seconds.
Begin MonoManager ReloadAssembly
Native extension for WindowsStandalone target not found
Refreshing native plugins compatible for Editor in 0.39 ms, found 1 plugins.
Preloading 0 native plugins for Editor in 0.00 ms.
Mono: successfully reloaded assembly
- Completed reload, in  0.861 seconds
Platform modules already initialized, skipping
Refreshing native plugins compatible for Editor in 0.40 ms, found 1 plugins.
Preloading 0 native plugins for Editor in 0.00 ms.
Unloading 1823 Unused Serialized files (Serialized files now loaded: 0)
System memory in use before: 98.4 MB.
System memory in use after: 98.4 MB.

Unloading 12 unused Assets to reduce memory usage. Loaded Objects now: 2400.
Total: 2.192500 ms (FindLiveObjects: 0.301800 ms CreateObjectMapping: 0.045300 ms MarkObjects: 1.719300 ms  DeleteObjects: 0.124900 ms)

========================================================================
Received Prepare
Registering precompiled user dll's ...
Registered in 0.001094 seconds.
Begin MonoManager ReloadAssembly
Native extension for WindowsStandalone target not found
Refreshing native plugins compatible for Editor in 0.39 ms, found 1 plugins.
Preloading 0 native plugins for Editor in 0.00 ms.
Mono: successfully reloaded assembly
- Completed reload, in  0.860 seconds
Platform modules already initialized, skipping
Refreshing native plugins compatible for Editor in 0.61 ms, found 1 plugins.
Preloading 0 native plugins for Editor in 0.00 ms.
Unloading 1823 Unused Serialized files (Serialized files now loaded: 0)
System memory in use before: 98.4 MB.
System memory in use after: 98.4 MB.

Unloading 12 unused Assets to reduce memory usage. Loaded Objects now: 2404.
Total: 2.184800 ms (FindLiveObjects: 0.214200 ms CreateObjectMapping: 0.045100 ms MarkObjects: 1.796100 ms  DeleteObjects: 0.128000 ms)

========================================================================
Received Prepare
Registering precompiled user dll's ...
Registered in 0.001074 seconds.
Begin MonoManager ReloadAssembly
Native extension for WindowsStandalone target not found
Refreshing native plugins compatible for Editor in 0.42 ms, found 1 plugins.
Preloading 0 native plugins for Editor in 0.00 ms.
Mono: successfully reloaded assembly
- Completed reload, in  0.864 seconds
Platform modules already initialized, skipping
Refreshing native plugins compatible for Editor in 0.38 ms, found 1 plugins.
Preloading 0 native plugins for Editor in 0.00 ms.
Unloading 1823 Unused Serialized files (Serialized files now loaded: 0)
System memory in use before: 98.4 MB.
System memory in use after: 98.4 MB.

Unloading 12 unused Assets to reduce memory usage. Loaded Objects now: 2408.
Total: 2.166500 ms (FindLiveObjects: 0.207400 ms CreateObjectMapping: 0.044400 ms MarkObjects: 1.786900 ms  DeleteObjects: 0.126600 ms)

========================================================================
Received Prepare
Registering precompiled user dll's ...
Registered in 0.001102 seconds.
Begin MonoManager ReloadAssembly
Native extension for WindowsStandalone target not found
Refreshing native plugins compatible for Editor in 0.39 ms, found 1 plugins.
Preloading 0 native plugins for Editor in 0.00 ms.
Mono: successfully reloaded assembly
- Completed reload, in  0.864 seconds
Platform modules already initialized, skipping
Refreshing native plugins compatible for Editor in 0.38 ms, found 1 plugins.
Preloading 0 native plugins for Editor in 0.00 ms.
Unloading 1823 Unused Serialized files (Serialized files now loaded: 0)
System memory in use before: 98.4 MB.
System memory in use after: 98.4 MB.

Unloading 12 unused Assets to reduce memory usage. Loaded Objects now: 2412.
Total: 2.332600 ms (FindLiveObjects: 0.246200 ms CreateObjectMapping: 0.044800 ms MarkObjects: 1.902300 ms  DeleteObjects: 0.137800 ms)

========================================================================
Received Prepare
Registering precompiled user dll's ...
Registered in 0.001037 seconds.
Begin MonoManager ReloadAssembly
Native extension for WindowsStandalone target not found
Refreshing native plugins compatible for Editor in 0.40 ms, found 1 plugins.
Preloading 0 native plugins for Editor in 0.00 ms.
Mono: successfully reloaded assembly
- Completed reload, in  0.850 seconds
Platform modules already initialized, skipping
Refreshing native plugins compatible for Editor in 0.38 ms, found 1 plugins.
Preloading 0 native plugins for Editor in 0.00 ms.
Unloading 1823 Unused Serialized files (Serialized files now loaded: 0)
System memory in use before: 98.4 MB.
System memory in use after: 98.4 MB.

Unloading 12 unused Assets to reduce memory usage. Loaded Objects now: 2416.
Total: 2.150000 ms (FindLiveObjects: 0.202000 ms CreateObjectMapping: 0.049600 ms MarkObjects: 1.771100 ms  DeleteObjects: 0.126200 ms)

========================================================================
Received Prepare
Refreshing native plugins compatible for Editor in 1.89 ms, found 1 plugins.
Preloading 0 native plugins for Editor in 0.00 ms.
Unloading 10 Unused Serialized files (Serialized files now loaded: 0)
System memory in use before: 62.6 MB.
System memory in use after: 62.6 MB.

Unloading 10 unused Assets to reduce memory usage. Loaded Objects now: 2416.
Total: 2.621800 ms (FindLiveObjects: 0.247900 ms CreateObjectMapping: 0.048500 ms MarkObjects: 2.146600 ms  DeleteObjects: 0.175800 ms)

AssetImportWorkerClient::OnTransportError - code=2 error=End of file
