Using pre-set license
Built from '2020.3/staging' branch; Version is '2020.3.8f1 (507919d4fff5) revision 5273881'; Using compiler version '192528614'; Build Type 'Release'
OS: 'Windows 10 Home; OS build 19042.985; Version 2009; 64bit' Language: 'en' Physical Memory: 16313 MB
BatchMode: 1, IsHumanControllingUs: 0, StartBugReporterOnCrash: 0, Is64bit: 1, IsPro: 0

 COMMAND LINE ARGUMENTS:
D:\Unity\Unity Editor\2020.3.6f1\Editor\Unity.exe
-adb2
-batchMode
-noUpm
-name
AssetImportWorker0
-projectPath
D:/UnityDeneme/Project
-logFile
Logs/AssetImportWorker0.log
-srvPort
59199
Successfully changed project path to: D:/UnityDeneme/Project
D:/UnityDeneme/Project
Using Asset Import Pipeline V2.
Refreshing native plugins compatible for Editor in 39.06 ms, found 1 plugins.
Preloading 0 native plugins for Editor in 0.00 ms.
Initialize engine version: 2020.3.8f1 (507919d4fff5)
[Subsystems] Discovering subsystems at path D:/Unity/Unity Editor/2020.3.6f1/Editor/Data/Resources/UnitySubsystems
[Subsystems] Discovering subsystems at path D:/UnityDeneme/Project/Assets
GfxDevice: creating device client; threaded=0
Direct3D:
    Version:  Direct3D 11.0 [level 11.1]
    Renderer: NVIDIA GeForce GTX 1070 Ti (ID=0x1b82)
    Vendor:   
    VRAM:     8079 MB
    Driver:   27.21.14.6647
Initialize mono
Mono path[0] = 'D:/Unity/Unity Editor/2020.3.6f1/Editor/Data/Managed'
Mono path[1] = 'D:/Unity/Unity Editor/2020.3.6f1/Editor/Data/MonoBleedingEdge/lib/mono/unityjit'
Mono config path = 'D:/Unity/Unity Editor/2020.3.6f1/Editor/Data/MonoBleedingEdge/etc'
Using monoOptions --debugger-agent=transport=dt_socket,embedding=1,server=y,suspend=n,address=127.0.0.1:56908
Begin MonoManager ReloadAssembly
Registering precompiled unity dll's ...
Register platform support module: D:/Unity/Unity Editor/2020.3.6f1/Editor/Data/PlaybackEngines/WindowsStandaloneSupport/UnityEditor.WindowsStandalone.Extensions.dll
Registered in 0.001352 seconds.
Native extension for WindowsStandalone target not found
Refreshing native plugins compatible for Editor in 40.10 ms, found 1 plugins.
Preloading 0 native plugins for Editor in 0.00 ms.
Mono: successfully reloaded assembly
- Completed reload, in  1.266 seconds
Platform modules already initialized, skipping
Registering precompiled user dll's ...
Registered in 0.001108 seconds.
Begin MonoManager ReloadAssembly
Native extension for WindowsStandalone target not found
Refreshing native plugins compatible for Editor in 41.96 ms, found 1 plugins.
Preloading 0 native plugins for Editor in 0.00 ms.
Mono: successfully reloaded assembly
- Completed reload, in  1.005 seconds
Platform modules already initialized, skipping
========================================================================
Worker process is ready to serve import requests
Launched and connected shader compiler UnityShaderCompiler.exe after 0.04 seconds
Refreshing native plugins compatible for Editor in 0.39 ms, found 1 plugins.
Preloading 0 native plugins for Editor in 0.00 ms.
Unloading 1828 Unused Serialized files (Serialized files now loaded: 0)
System memory in use before: 98.0 MB.
System memory in use after: 98.0 MB.

Unloading 23 unused Assets to reduce memory usage. Loaded Objects now: 2292.
Total: 2.385400 ms (FindLiveObjects: 0.215100 ms CreateObjectMapping: 0.044800 ms MarkObjects: 1.984900 ms  DeleteObjects: 0.138900 ms)

========================================================================
Received Prepare
Registering precompiled user dll's ...
Registered in 0.001056 seconds.
Begin MonoManager ReloadAssembly
Native extension for WindowsStandalone target not found
Refreshing native plugins compatible for Editor in 0.38 ms, found 1 plugins.
Preloading 0 native plugins for Editor in 0.00 ms.
Mono: successfully reloaded assembly
- Completed reload, in  0.867 seconds
Platform modules already initialized, skipping
Refreshing native plugins compatible for Editor in 0.37 ms, found 1 plugins.
Preloading 0 native plugins for Editor in 0.00 ms.
Unloading 1823 Unused Serialized files (Serialized files now loaded: 0)
System memory in use before: 98.0 MB.
System memory in use after: 98.0 MB.

Unloading 12 unused Assets to reduce memory usage. Loaded Objects now: 2296.
Total: 2.895000 ms (FindLiveObjects: 0.223800 ms CreateObjectMapping: 0.057900 ms MarkObjects: 2.448600 ms  DeleteObjects: 0.162400 ms)

========================================================================
Received Prepare
Registering precompiled user dll's ...
Registered in 0.001234 seconds.
Begin MonoManager ReloadAssembly
Native extension for WindowsStandalone target not found
Refreshing native plugins compatible for Editor in 0.41 ms, found 1 plugins.
Preloading 0 native plugins for Editor in 0.00 ms.
Mono: successfully reloaded assembly
- Completed reload, in  0.873 seconds
Platform modules already initialized, skipping
Refreshing native plugins compatible for Editor in 0.40 ms, found 1 plugins.
Preloading 0 native plugins for Editor in 0.00 ms.
Unloading 1823 Unused Serialized files (Serialized files now loaded: 0)
System memory in use before: 98.1 MB.
System memory in use after: 98.0 MB.

Unloading 12 unused Assets to reduce memory usage. Loaded Objects now: 2300.
Total: 2.164300 ms (FindLiveObjects: 0.188500 ms CreateObjectMapping: 0.044000 ms MarkObjects: 1.800700 ms  DeleteObjects: 0.129900 ms)

========================================================================
Received Import Request.
  path: Assets/Scenes/Level1.unity
  artifactKey: Guid(8b9f6fe8c10973047b641f3707a8efa8) Importer(815301076,1909f56bfc062723c751e8b465ee728b)
Start importing Assets/Scenes/Level1.unity using Guid(8b9f6fe8c10973047b641f3707a8efa8) Importer(815301076,1909f56bfc062723c751e8b465ee728b)  -> (artifact id: '9f80edf7f513ef7505ee8406ec501b8f') in 0.037599 seconds
  Import took 0.040483 seconds .

========================================================================
Received Import Request.
  Time since last request: 23.772135 seconds.
  path: Assets/Scenes/Level20.unity
  artifactKey: Guid(589fdbf2ea6b2554ba8a634276f03ef7) Importer(815301076,1909f56bfc062723c751e8b465ee728b)
Start importing Assets/Scenes/Level20.unity using Guid(589fdbf2ea6b2554ba8a634276f03ef7) Importer(815301076,1909f56bfc062723c751e8b465ee728b)  -> (artifact id: '637ba916491607758cef9b9015a19f65') in 0.027097 seconds
  Import took 0.057540 seconds .

========================================================================
Received Import Request.
  Time since last request: 30.301838 seconds.
  path: Assets/Scripts/GameManager.cs
  artifactKey: Guid(476b6a39b703fbd4bb1a83ddbd57ad39) Importer(815301076,1909f56bfc062723c751e8b465ee728b)
Start importing Assets/Scripts/GameManager.cs using Guid(476b6a39b703fbd4bb1a83ddbd57ad39) Importer(815301076,1909f56bfc062723c751e8b465ee728b)  -> (artifact id: '27b1f7e1c79345ad78da581f15c9b8cf') in 0.136031 seconds
  Import took 0.139005 seconds .

========================================================================
Received Prepare
Registering precompiled user dll's ...
Registered in 0.001164 seconds.
Begin MonoManager ReloadAssembly
Native extension for WindowsStandalone target not found
Refreshing native plugins compatible for Editor in 0.42 ms, found 1 plugins.
Preloading 0 native plugins for Editor in 0.00 ms.
Mono: successfully reloaded assembly
- Completed reload, in  0.896 seconds
Platform modules already initialized, skipping
Refreshing native plugins compatible for Editor in 0.58 ms, found 1 plugins.
Preloading 0 native plugins for Editor in 0.00 ms.
Unloading 1823 Unused Serialized files (Serialized files now loaded: 0)
System memory in use before: 98.1 MB.
System memory in use after: 98.1 MB.

Unloading 12 unused Assets to reduce memory usage. Loaded Objects now: 2304.
Total: 2.313100 ms (FindLiveObjects: 0.208500 ms CreateObjectMapping: 0.043400 ms MarkObjects: 1.899000 ms  DeleteObjects: 0.160600 ms)

========================================================================
Received Prepare
Registering precompiled user dll's ...
Registered in 0.001559 seconds.
Begin MonoManager ReloadAssembly
Native extension for WindowsStandalone target not found
Refreshing native plugins compatible for Editor in 0.39 ms, found 1 plugins.
Preloading 0 native plugins for Editor in 0.00 ms.
Mono: successfully reloaded assembly
- Completed reload, in  0.909 seconds
Platform modules already initialized, skipping
Refreshing native plugins compatible for Editor in 0.39 ms, found 1 plugins.
Preloading 0 native plugins for Editor in 0.00 ms.
Unloading 1823 Unused Serialized files (Serialized files now loaded: 0)
System memory in use before: 98.1 MB.
System memory in use after: 98.1 MB.

Unloading 12 unused Assets to reduce memory usage. Loaded Objects now: 2308.
Total: 2.099600 ms (FindLiveObjects: 0.193000 ms CreateObjectMapping: 0.044000 ms MarkObjects: 1.723000 ms  DeleteObjects: 0.138400 ms)

========================================================================
Received Import Request.
  Time since last request: 1161.538527 seconds.
  path: Assets/Scripts/Credits.csv
  artifactKey: Guid(a5a22f4ae0889b34186050fb4647ed84) Importer(815301076,1909f56bfc062723c751e8b465ee728b)
Start importing Assets/Scripts/Credits.csv using Guid(a5a22f4ae0889b34186050fb4647ed84) Importer(815301076,1909f56bfc062723c751e8b465ee728b)  -> (artifact id: 'b7a65a01ca2c86a8f2bfe8f0b3f2e0b6') in 0.023693 seconds
  Import took 0.027054 seconds .

========================================================================
Received Prepare
Registering precompiled user dll's ...
Registered in 0.001138 seconds.
Begin MonoManager ReloadAssembly
Native extension for WindowsStandalone target not found
Refreshing native plugins compatible for Editor in 0.41 ms, found 1 plugins.
Preloading 0 native plugins for Editor in 0.00 ms.
Mono: successfully reloaded assembly
- Completed reload, in  0.944 seconds
Platform modules already initialized, skipping
Refreshing native plugins compatible for Editor in 0.50 ms, found 1 plugins.
Preloading 0 native plugins for Editor in 0.00 ms.
Unloading 1823 Unused Serialized files (Serialized files now loaded: 0)
System memory in use before: 98.1 MB.
System memory in use after: 98.1 MB.

Unloading 12 unused Assets to reduce memory usage. Loaded Objects now: 2312.
Total: 2.387800 ms (FindLiveObjects: 0.233600 ms CreateObjectMapping: 0.045200 ms MarkObjects: 1.955000 ms  DeleteObjects: 0.151800 ms)

========================================================================
Received Import Request.
  Time since last request: 212.548775 seconds.
  path: Assets/Scenes/Help.unity
  artifactKey: Guid(27382dcc99fb3a9499014a482c44d736) Importer(815301076,1909f56bfc062723c751e8b465ee728b)
Start importing Assets/Scenes/Help.unity using Guid(27382dcc99fb3a9499014a482c44d736) Importer(815301076,1909f56bfc062723c751e8b465ee728b)  -> (artifact id: 'b010c3ba67d000beb9e20e2973ec7a4c') in 0.017926 seconds
  Import took 0.020966 seconds .

========================================================================
Received Import Request.
  Time since last request: 91.868565 seconds.
  path: Assets/Scripts/StoreManager.cs
  artifactKey: Guid(1a24049dba7cc6943814b59a506bc101) Importer(815301076,1909f56bfc062723c751e8b465ee728b)
Start importing Assets/Scripts/StoreManager.cs using Guid(1a24049dba7cc6943814b59a506bc101) Importer(815301076,1909f56bfc062723c751e8b465ee728b)  -> (artifact id: '54f3b29e60c4ea286e3c367b39becca7') in 0.007897 seconds
  Import took 0.010871 seconds .

========================================================================
Received Prepare
Registering precompiled user dll's ...
Registered in 0.001085 seconds.
Begin MonoManager ReloadAssembly
Native extension for WindowsStandalone target not found
Refreshing native plugins compatible for Editor in 0.43 ms, found 1 plugins.
Preloading 0 native plugins for Editor in 0.00 ms.
Mono: successfully reloaded assembly
- Completed reload, in  0.869 seconds
Platform modules already initialized, skipping
Refreshing native plugins compatible for Editor in 0.39 ms, found 1 plugins.
Preloading 0 native plugins for Editor in 0.00 ms.
Unloading 1823 Unused Serialized files (Serialized files now loaded: 0)
System memory in use before: 98.2 MB.
System memory in use after: 98.1 MB.

Unloading 12 unused Assets to reduce memory usage. Loaded Objects now: 2316.
Total: 2.215100 ms (FindLiveObjects: 0.195800 ms CreateObjectMapping: 0.046700 ms MarkObjects: 1.833400 ms  DeleteObjects: 0.137600 ms)

========================================================================
Received Prepare
Registering precompiled user dll's ...
Registered in 0.001110 seconds.
Begin MonoManager ReloadAssembly
Native extension for WindowsStandalone target not found
Refreshing native plugins compatible for Editor in 0.51 ms, found 1 plugins.
Preloading 0 native plugins for Editor in 0.00 ms.
Mono: successfully reloaded assembly
- Completed reload, in  0.865 seconds
Platform modules already initialized, skipping
Refreshing native plugins compatible for Editor in 0.39 ms, found 1 plugins.
Preloading 0 native plugins for Editor in 0.00 ms.
Unloading 1823 Unused Serialized files (Serialized files now loaded: 0)
System memory in use before: 98.2 MB.
System memory in use after: 98.1 MB.

Unloading 12 unused Assets to reduce memory usage. Loaded Objects now: 2320.
Total: 2.303300 ms (FindLiveObjects: 0.218700 ms CreateObjectMapping: 0.045900 ms MarkObjects: 1.880100 ms  DeleteObjects: 0.156600 ms)

========================================================================
Received Prepare
Registering precompiled user dll's ...
Registered in 0.001068 seconds.
Begin MonoManager ReloadAssembly
Native extension for WindowsStandalone target not found
Refreshing native plugins compatible for Editor in 0.39 ms, found 1 plugins.
Preloading 0 native plugins for Editor in 0.00 ms.
Mono: successfully reloaded assembly
- Completed reload, in  0.860 seconds
Platform modules already initialized, skipping
Refreshing native plugins compatible for Editor in 0.40 ms, found 1 plugins.
Preloading 0 native plugins for Editor in 0.00 ms.
Unloading 1823 Unused Serialized files (Serialized files now loaded: 0)
System memory in use before: 98.2 MB.
System memory in use after: 98.1 MB.

Unloading 12 unused Assets to reduce memory usage. Loaded Objects now: 2324.
Total: 2.277000 ms (FindLiveObjects: 0.218600 ms CreateObjectMapping: 0.043600 ms MarkObjects: 1.858500 ms  DeleteObjects: 0.154400 ms)

========================================================================
Received Prepare
Registering precompiled user dll's ...
Registered in 0.001083 seconds.
Begin MonoManager ReloadAssembly
Native extension for WindowsStandalone target not found
Refreshing native plugins compatible for Editor in 0.47 ms, found 1 plugins.
Preloading 0 native plugins for Editor in 0.00 ms.
Mono: successfully reloaded assembly
- Completed reload, in  0.868 seconds
Platform modules already initialized, skipping
Refreshing native plugins compatible for Editor in 0.38 ms, found 1 plugins.
Preloading 0 native plugins for Editor in 0.00 ms.
Unloading 1823 Unused Serialized files (Serialized files now loaded: 0)
System memory in use before: 98.2 MB.
System memory in use after: 98.2 MB.

Unloading 12 unused Assets to reduce memory usage. Loaded Objects now: 2328.
Total: 2.035900 ms (FindLiveObjects: 0.196800 ms CreateObjectMapping: 0.043300 ms MarkObjects: 1.663700 ms  DeleteObjects: 0.130800 ms)

========================================================================
Received Import Request.
  Time since last request: 257.275891 seconds.
  path: Assets/Scenes/Store.unity
  artifactKey: Guid(1c6f59a6f8aaf8547937a8d1ff1a0f21) Importer(815301076,1909f56bfc062723c751e8b465ee728b)
Start importing Assets/Scenes/Store.unity using Guid(1c6f59a6f8aaf8547937a8d1ff1a0f21) Importer(815301076,1909f56bfc062723c751e8b465ee728b)  -> (artifact id: '0a44cb47141b2df76053fdb4f69bbbb1') in 0.020264 seconds
  Import took 0.023317 seconds .

========================================================================
Received Prepare
Registering precompiled user dll's ...
Registered in 0.001093 seconds.
Begin MonoManager ReloadAssembly
Native extension for WindowsStandalone target not found
Refreshing native plugins compatible for Editor in 0.38 ms, found 1 plugins.
Preloading 0 native plugins for Editor in 0.00 ms.
Mono: successfully reloaded assembly
- Completed reload, in  0.865 seconds
Platform modules already initialized, skipping
Refreshing native plugins compatible for Editor in 0.40 ms, found 1 plugins.
Preloading 0 native plugins for Editor in 0.00 ms.
Unloading 1823 Unused Serialized files (Serialized files now loaded: 0)
System memory in use before: 98.2 MB.
System memory in use after: 98.2 MB.

Unloading 12 unused Assets to reduce memory usage. Loaded Objects now: 2332.
Total: 2.341300 ms (FindLiveObjects: 0.223600 ms CreateObjectMapping: 0.044600 ms MarkObjects: 1.936500 ms  DeleteObjects: 0.135300 ms)

========================================================================
Received Prepare
Refreshing native plugins compatible for Editor in 1.82 ms, found 1 plugins.
Preloading 0 native plugins for Editor in 0.00 ms.
Unloading 10 Unused Serialized files (Serialized files now loaded: 0)
System memory in use before: 62.3 MB.
System memory in use after: 62.3 MB.

Unloading 10 unused Assets to reduce memory usage. Loaded Objects now: 2332.
Total: 2.353500 ms (FindLiveObjects: 0.216200 ms CreateObjectMapping: 0.046200 ms MarkObjects: 1.947500 ms  DeleteObjects: 0.142300 ms)

AssetImportWorkerClient::OnTransportError - code=2 error=End of file
